<?xml version="1.0" encoding="UTF-8"?>
<!-- Generated by org.testng.reporters.JUnitReportReporter -->
<testsuite hostname="apples-MacBook-Air-3.local" name="com.sml.testcases.VerifyLaunchSignIn" tests="1" failures="0" timestamp="16 Mar 2017 14:32:16 GMT" time="0.884" errors="0">
  <testcase name="verifySignInLaunch" time="0.884" classname="com.sml.testcases.VerifyLaunchSignIn"/>
</testsuite> <!-- com.sml.testcases.VerifyLaunchSignIn -->
