<?xml version="1.0" encoding="UTF-8"?>
<!-- Generated by org.testng.reporters.JUnitReportReporter -->
<testsuite hostname="apples-MacBook-Air-3.local" name="com.sml.util.SetUpAndLaunch" tests="1" failures="0" timestamp="9 Mar 2017 07:00:53 GMT" time="0.018" errors="0">
  <testcase name="test1" time="0.018" classname="com.sml.util.SetUpAndLaunch"/>
</testsuite> <!-- com.sml.util.SetUpAndLaunch -->
