<?xml version="1.0" encoding="UTF-8"?>
<!-- Generated by org.testng.reporters.JUnitReportReporter -->
<testsuite hostname="apples-MacBook-Air-3.local" name="com.sml.testcases.VerifyRemoveResourcesLaunch" tests="1" failures="0" timestamp="16 Mar 2017 14:32:16 GMT" time="0.002" errors="1">
  <testcase name="verifyRemoveResourcesLaunch" time="0.002" classname="com.sml.testcases.VerifyRemoveResourcesLaunch">
    <error type="junit.framework.ComparisonFailure" message="expected:&lt;[Setting]s&gt; but was:&lt;[Add Resource]s&gt;">
      <![CDATA[junit.framework.ComparisonFailure: expected:<[Setting]s> but was:<[Add Resource]s>
	at junit.framework.Assert.assertEquals(Assert.java:100)
	at junit.framework.Assert.assertEquals(Assert.java:107)
	at com.sml.classes.SettingsPage.verifySettingsLaunch(SettingsPage.java:30)
	at com.sml.testcases.VerifySendFeedBackScenarios.afterFeedBack(VerifySendFeedBackScenarios.java:29)
	at sun.reflect.NativeMethodAccessorImpl.invoke0(Native Method)
	at sun.reflect.NativeMethodAccessorImpl.invoke(NativeMethodAccessorImpl.java:62)
	at sun.reflect.DelegatingMethodAccessorImpl.invoke(DelegatingMethodAccessorImpl.java:43)
	at java.lang.reflect.Method.invoke(Method.java:498)
	at org.testng.internal.MethodInvocationHelper.invokeMethod(MethodInvocationHelper.java:100)
	at org.testng.internal.Invoker.invokeConfigurationMethod(Invoker.java:515)
	at org.testng.internal.Invoker.invokeConfigurations(Invoker.java:216)
	at org.testng.internal.Invoker.invokeConfigurations(Invoker.java:143)
	at org.testng.TestRunner.afterRun(TestRunner.java:973)
	at org.testng.TestRunner.run(TestRunner.java:604)
	at org.testng.SuiteRunner.runTest(SuiteRunner.java:366)
	at org.testng.SuiteRunner.runSequentially(SuiteRunner.java:361)
	at org.testng.SuiteRunner.privateRun(SuiteRunner.java:319)
	at org.testng.SuiteRunner.run(SuiteRunner.java:268)
	at org.testng.SuiteRunnerWorker.runSuite(SuiteRunnerWorker.java:52)
	at org.testng.SuiteRunnerWorker.run(SuiteRunnerWorker.java:86)
	at org.testng.TestNG.runSuitesSequentially(TestNG.java:1264)
	at org.testng.TestNG.runSuitesLocally(TestNG.java:1189)
	at org.testng.TestNG.runSuites(TestNG.java:1104)
	at org.testng.TestNG.run(TestNG.java:1076)
	at org.testng.remote.AbstractRemoteTestNG.run(AbstractRemoteTestNG.java:126)
	at org.testng.remote.RemoteTestNG.initAndRun(RemoteTestNG.java:152)
	at org.testng.remote.RemoteTestNG.main(RemoteTestNG.java:57)
]]>
    </error>
  </testcase> <!-- verifyRemoveResourcesLaunch -->
</testsuite> <!-- com.sml.testcases.VerifyRemoveResourcesLaunch -->
