<?xml version="1.0" encoding="UTF-8"?>
<!-- Generated by org.testng.reporters.JUnitReportReporter -->
<testsuite hostname="apples-MacBook-Air-3.local" name="com.sml.testcases.VerifyUpdatesLaunch" tests="1" failures="0" timestamp="15 Mar 2017 13:10:07 GMT" time="36.936" errors="0">
  <testcase name="launchUpdatesScreen" time="36.936" classname="com.sml.testcases.VerifyUpdatesLaunch"/>
</testsuite> <!-- com.sml.testcases.VerifyUpdatesLaunch -->
