<?xml version="1.0" encoding="UTF-8"?>
<!-- Generated by org.testng.reporters.JUnitReportReporter -->
<testsuite hostname="apples-MacBook-Air-3.local" name="com.sml.testcases.VerifyRegistration" tests="2" failures="0" timestamp="10 Mar 2017 07:08:37 GMT" time="3.128" errors="1">
  <testcase name="verifyLaunch" time="0.006" classname="com.sml.testcases.VerifyRegistration"/>
  <testcase name="verifyRegistration" time="3.122" classname="com.sml.testcases.VerifyRegistration">
    <error type="org.openqa.selenium.InvalidSelectorException" message="Locator Strategy &#039;name&#039; is not supported for this session (WARNING: The server did not provide any stacktrace information)
Command duration or timeout: 25 milliseconds
For documentation on this error, please visit: http://seleniumhq.org/exceptions/invalid_selector_exception.html
Build info: version: &#039;unknown&#039;, revision: &#039;1969d75&#039;, time: &#039;2016-10-18 09:43:45 -0700&#039;
System info: host: &#039;apples-MacBook-Air-3.local&#039;, ip: &#039;192.168.2.99&#039;, os.name: &#039;Mac OS X&#039;, os.arch: &#039;x86_64&#039;, os.version: &#039;10.11.6&#039;, java.version: &#039;1.8.0_91&#039;
Driver info: io.appium.java_client.android.AndroidDriver
Capabilities [{app=/Users/builduser/Documents/workspace/SMLAndroid/Files/app-release.apk, appPackage=com.medpresso.android.ui, networkConnectionEnabled=true, noReset=true, warnings={}, databaseEnabled=false, deviceName=ZY2232T4PJ, version=5.1.1, platform=LINUX, deviceUDID=ZY2232T4PJ, appActivity=com.medpresso.android.ui.HomeActivity, desired={app=/Users/builduser/Documents/workspace/SMLAndroid/Files/app-release.apk, appPackage=com.medpresso.android.ui, appActivity=com.medpresso.android.ui.HomeActivity, noReset=true, platformVersion=5.1, automationName=Appium, browserName=Android, udid=ZY2232T4PJ, platformName=Android, deviceName=Moto G (4), version=5.1.1}, platformVersion=5.1.1, webStorageEnabled=false, locationContextEnabled=false, automationName=Appium, takesScreenshot=true, browserName=Android, javascriptEnabled=true, udid=ZY2232T4PJ, platformName=Android}]
Session ID: 824eaf8d-5b03-4112-82f5-8989c10aa261
*** Element info: {Using=name, value=First Name Required}">
      <![CDATA[org.openqa.selenium.InvalidSelectorException: Locator Strategy 'name' is not supported for this session (WARNING: The server did not provide any stacktrace information)
Command duration or timeout: 25 milliseconds
For documentation on this error, please visit: http://seleniumhq.org/exceptions/invalid_selector_exception.html
Build info: version: 'unknown', revision: '1969d75', time: '2016-10-18 09:43:45 -0700'
System info: host: 'apples-MacBook-Air-3.local', ip: '192.168.2.99', os.name: 'Mac OS X', os.arch: 'x86_64', os.version: '10.11.6', java.version: '1.8.0_91'
Driver info: io.appium.java_client.android.AndroidDriver
Capabilities [{app=/Users/builduser/Documents/workspace/SMLAndroid/Files/app-release.apk, appPackage=com.medpresso.android.ui, networkConnectionEnabled=true, noReset=true, warnings={}, databaseEnabled=false, deviceName=ZY2232T4PJ, version=5.1.1, platform=LINUX, deviceUDID=ZY2232T4PJ, appActivity=com.medpresso.android.ui.HomeActivity, desired={app=/Users/builduser/Documents/workspace/SMLAndroid/Files/app-release.apk, appPackage=com.medpresso.android.ui, appActivity=com.medpresso.android.ui.HomeActivity, noReset=true, platformVersion=5.1, automationName=Appium, browserName=Android, udid=ZY2232T4PJ, platformName=Android, deviceName=Moto G (4), version=5.1.1}, platformVersion=5.1.1, webStorageEnabled=false, locationContextEnabled=false, automationName=Appium, takesScreenshot=true, browserName=Android, javascriptEnabled=true, udid=ZY2232T4PJ, platformName=Android}]
Session ID: 824eaf8d-5b03-4112-82f5-8989c10aa261
*** Element info: {Using=name, value=First Name Required}
	at sun.reflect.NativeConstructorAccessorImpl.newInstance0(Native Method)
	at sun.reflect.NativeConstructorAccessorImpl.newInstance(NativeConstructorAccessorImpl.java:62)
	at sun.reflect.DelegatingConstructorAccessorImpl.newInstance(DelegatingConstructorAccessorImpl.java:45)
	at java.lang.reflect.Constructor.newInstance(Constructor.java:423)
	at org.openqa.selenium.remote.ErrorHandler.createThrowable(ErrorHandler.java:216)
	at org.openqa.selenium.remote.ErrorHandler.throwIfResponseFailed(ErrorHandler.java:168)
	at org.openqa.selenium.remote.RemoteWebDriver.execute(RemoteWebDriver.java:635)
	at io.appium.java_client.DefaultGenericMobileDriver.execute(DefaultGenericMobileDriver.java:42)
	at io.appium.java_client.AppiumDriver.execute(AppiumDriver.java:1)
	at io.appium.java_client.android.AndroidDriver.execute(AndroidDriver.java:1)
	at org.openqa.selenium.remote.RemoteWebDriver.findElement(RemoteWebDriver.java:368)
	at io.appium.java_client.DefaultGenericMobileDriver.findElement(DefaultGenericMobileDriver.java:62)
	at io.appium.java_client.AppiumDriver.findElement(AppiumDriver.java:1)
	at io.appium.java_client.android.AndroidDriver.findElement(AndroidDriver.java:1)
	at org.openqa.selenium.remote.RemoteWebDriver.findElementByName(RemoteWebDriver.java:449)
	at io.appium.java_client.DefaultGenericMobileDriver.findElementByName(DefaultGenericMobileDriver.java:110)
	at io.appium.java_client.AppiumDriver.findElementByName(AppiumDriver.java:1)
	at io.appium.java_client.android.AndroidDriver.findElementByName(AndroidDriver.java:1)
	at org.openqa.selenium.By$ByName.findElement(By.java:303)
	at org.openqa.selenium.remote.RemoteWebDriver.findElement(RemoteWebDriver.java:360)
	at io.appium.java_client.DefaultGenericMobileDriver.findElement(DefaultGenericMobileDriver.java:58)
	at io.appium.java_client.AppiumDriver.findElement(AppiumDriver.java:1)
	at io.appium.java_client.android.AndroidDriver.findElement(AndroidDriver.java:1)
	at com.sml.classes.Registration.enterRegistrationDetails(Registration.java:43)
	at com.sml.testcases.VerifyRegistration.verifyRegistration(VerifyRegistration.java:20)
	at sun.reflect.NativeMethodAccessorImpl.invoke0(Native Method)
	at sun.reflect.NativeMethodAccessorImpl.invoke(NativeMethodAccessorImpl.java:62)
	at sun.reflect.DelegatingMethodAccessorImpl.invoke(DelegatingMethodAccessorImpl.java:43)
	at java.lang.reflect.Method.invoke(Method.java:498)
	at org.testng.internal.MethodInvocationHelper.invokeMethod(MethodInvocationHelper.java:100)
	at org.testng.internal.Invoker.invokeMethod(Invoker.java:646)
	at org.testng.internal.Invoker.invokeTestMethod(Invoker.java:811)
	at org.testng.internal.Invoker.invokeTestMethods(Invoker.java:1129)
	at org.testng.internal.TestMethodWorker.invokeTestMethods(TestMethodWorker.java:129)
	at org.testng.internal.TestMethodWorker.run(TestMethodWorker.java:112)
	at org.testng.TestRunner.privateRun(TestRunner.java:746)
	at org.testng.TestRunner.run(TestRunner.java:600)
	at org.testng.SuiteRunner.runTest(SuiteRunner.java:366)
	at org.testng.SuiteRunner.runSequentially(SuiteRunner.java:361)
	at org.testng.SuiteRunner.privateRun(SuiteRunner.java:319)
	at org.testng.SuiteRunner.run(SuiteRunner.java:268)
	at org.testng.SuiteRunnerWorker.runSuite(SuiteRunnerWorker.java:52)
	at org.testng.SuiteRunnerWorker.run(SuiteRunnerWorker.java:86)
	at org.testng.TestNG.runSuitesSequentially(TestNG.java:1264)
	at org.testng.TestNG.runSuitesLocally(TestNG.java:1189)
	at org.testng.TestNG.runSuites(TestNG.java:1104)
	at org.testng.TestNG.run(TestNG.java:1076)
	at org.testng.remote.AbstractRemoteTestNG.run(AbstractRemoteTestNG.java:126)
	at org.testng.remote.RemoteTestNG.initAndRun(RemoteTestNG.java:152)
	at org.testng.remote.RemoteTestNG.main(RemoteTestNG.java:57)
]]>
    </error>
  </testcase> <!-- verifyRegistration -->
</testsuite> <!-- com.sml.testcases.VerifyRegistration -->
