<?xml version="1.0" encoding="UTF-8"?>
<!-- Generated by org.testng.reporters.JUnitReportReporter -->
<testsuite hostname="apples-MacBook-Air-3.local" name="com.sml.testcases.VerifyLaunchRegistrationPage" tests="2" failures="0" timestamp="16 Mar 2017 14:32:16 GMT" time="3.973" errors="0">
  <testcase name="verifyLaunchRegistrationPage" time="3.972" classname="com.sml.testcases.VerifyLaunchRegistrationPage"/>
  <testcase name="verifyLaunch" time="0.001" classname="com.sml.testcases.VerifyLaunchRegistrationPage"/>
</testsuite> <!-- com.sml.testcases.VerifyLaunchRegistrationPage -->
