<?xml version="1.0" encoding="UTF-8"?>
<!-- Generated by org.testng.reporters.JUnitReportReporter -->
<testsuite hostname="apples-MacBook-Air-3.local" name="com.sml.testcases.VerifySettingsLaunch" tests="1" failures="0" timestamp="16 Mar 2017 14:32:16 GMT" time="0.590" errors="0">
  <testcase name="launchSettings" time="0.590" classname="com.sml.testcases.VerifySettingsLaunch"/>
</testsuite> <!-- com.sml.testcases.VerifySettingsLaunch -->
