<?xml version="1.0" encoding="UTF-8"?>
<!-- Generated by org.testng.reporters.JUnitReportReporter -->
<testsuite hostname="apples-MacBook-Air-3.local" name="com.sml.testcases.SettingsLaunch" tests="2" failures="0" timestamp="15 Mar 2017 10:55:55 GMT" time="0.634" errors="0">
  <testcase name="launchSettings" time="0.633" classname="com.sml.testcases.SettingsLaunch"/>
  <testcase name="verifyLaunch" time="0.001" classname="com.sml.testcases.SettingsLaunch"/>
</testsuite> <!-- com.sml.testcases.SettingsLaunch -->
